2020-01-31 07:08:12,379 INFO  [org.jboss.weld.environment.servletWeldServlet] WELD-ENV-001008: Initialize Weld using ServletContainerInitializer
2020-01-31 07:08:12,439 INFO  [org.jboss.weld.Version] WELD-000900: 2.2.9 (Final)
2020-01-31 07:08:12,474 INFO  [org.jboss.weld.Bootstrap] WELD-ENV-000020: Using jandex for bean discovery
2020-01-31 07:08:12,695 INFO  [org.jboss.weld.Bootstrap] WELD-000101: Transactional services not available. Injection of @Inject UserTransaction not available. Transactional observers will be invoked synchronously.
2020-01-31 07:08:12,835 WARN  [org.jboss.weld.Interceptor] WELD-001700: Interceptor annotation class javax.ejb.PostActivate not found, interception based on it is not enabled
2020-01-31 07:08:12,836 WARN  [org.jboss.weld.Interceptor] WELD-001700: Interceptor annotation class javax.ejb.PrePassivate not found, interception based on it is not enabled
2020-01-31 07:08:13,036 INFO  [org.jboss.weld.environment.servletTomcat] WELD-ENV-001100: Tomcat 7+ detected, CDI injection will be available in Servlets, Filters and Listeners.
2020-01-31 07:08:13,392 INFO  [org.jboss.weld.environment.servletWeldServlet] WELD-ENV-001006: org.jboss.weld.environment.servlet.EnhancedListener used for ServletContext notifications
2020-01-31 07:08:13,849 INFO  [org.jboss.weld.environment.servletWeldServlet] WELD-ENV-001009: org.jboss.weld.environment.servlet.Listener used for ServletRequest and HttpSession notifications
2020-01-31 07:10:16,913 INFO  [org.jboss.weld.environment.servletWeldServlet] WELD-ENV-001008: Initialize Weld using ServletContainerInitializer
2020-01-31 07:10:16,928 INFO  [org.jboss.weld.Version] WELD-000900: 2.2.9 (Final)
2020-01-31 07:10:16,956 INFO  [org.jboss.weld.Bootstrap] WELD-ENV-000020: Using jandex for bean discovery
2020-01-31 07:10:17,132 INFO  [org.jboss.weld.Bootstrap] WELD-000101: Transactional services not available. Injection of @Inject UserTransaction not available. Transactional observers will be invoked synchronously.
2020-01-31 07:10:17,199 WARN  [org.jboss.weld.Interceptor] WELD-001700: Interceptor annotation class javax.ejb.PostActivate not found, interception based on it is not enabled
2020-01-31 07:10:17,200 WARN  [org.jboss.weld.Interceptor] WELD-001700: Interceptor annotation class javax.ejb.PrePassivate not found, interception based on it is not enabled
2020-01-31 07:10:17,340 INFO  [org.jboss.weld.environment.servletTomcat] WELD-ENV-001100: Tomcat 7+ detected, CDI injection will be available in Servlets, Filters and Listeners.
2020-01-31 07:10:17,595 INFO  [org.jboss.weld.environment.servletWeldServlet] WELD-ENV-001006: org.jboss.weld.environment.servlet.EnhancedListener used for ServletContext notifications
2020-01-31 07:10:18,058 INFO  [org.jboss.weld.environment.servletWeldServlet] WELD-ENV-001009: org.jboss.weld.environment.servlet.Listener used for ServletRequest and HttpSession notifications
2020-01-31 07:11:33,399 INFO  [org.jboss.weld.environment.servletWeldServlet] WELD-ENV-001008: Initialize Weld using ServletContainerInitializer
2020-01-31 07:11:33,411 INFO  [org.jboss.weld.Version] WELD-000900: 2.2.9 (Final)
2020-01-31 07:11:33,430 INFO  [org.jboss.weld.Bootstrap] WELD-ENV-000020: Using jandex for bean discovery
2020-01-31 07:11:33,626 INFO  [org.jboss.weld.Bootstrap] WELD-000101: Transactional services not available. Injection of @Inject UserTransaction not available. Transactional observers will be invoked synchronously.
2020-01-31 07:11:33,687 WARN  [org.jboss.weld.Interceptor] WELD-001700: Interceptor annotation class javax.ejb.PostActivate not found, interception based on it is not enabled
2020-01-31 07:11:33,688 WARN  [org.jboss.weld.Interceptor] WELD-001700: Interceptor annotation class javax.ejb.PrePassivate not found, interception based on it is not enabled
2020-01-31 07:11:33,913 INFO  [org.jboss.weld.environment.servletTomcat] WELD-ENV-001100: Tomcat 7+ detected, CDI injection will be available in Servlets, Filters and Listeners.
2020-01-31 07:11:34,243 INFO  [org.jboss.weld.environment.servletWeldServlet] WELD-ENV-001006: org.jboss.weld.environment.servlet.EnhancedListener used for ServletContext notifications
2020-01-31 07:11:34,802 INFO  [org.hibernate.validator.internal.util.Version] HV000001: Hibernate Validator 5.4.0.Final
2020-01-31 07:11:35,339 INFO  [org.jboss.weld.environment.servletWeldServlet] WELD-ENV-001009: org.jboss.weld.environment.servlet.Listener used for ServletRequest and HttpSession notifications
2020-01-31 07:11:42,183 INFO  [org.hibernate.annotations.common.Version] HCANN000001: Hibernate Commons Annotations {4.0.2.Final}
2020-01-31 07:11:42,189 INFO  [org.hibernate.Version] HHH000412: Hibernate Core {4.2.3.Final}
2020-01-31 07:11:42,191 INFO  [org.hibernate.cfg.Environment] HHH000206: hibernate.properties not found
2020-01-31 07:11:42,193 INFO  [org.hibernate.cfg.Environment] HHH000021: Bytecode provider name : javassist
2020-01-31 07:11:42,534 INFO  [org.hibernate.service.jdbc.connections.internal.DriverManagerConnectionProviderImpl] HHH000402: Using Hibernate built-in connection pool (not for production use!)
2020-01-31 07:11:42,537 INFO  [org.hibernate.service.jdbc.connections.internal.DriverManagerConnectionProviderImpl] HHH000115: Hibernate connection pool size: 20
2020-01-31 07:11:42,538 INFO  [org.hibernate.service.jdbc.connections.internal.DriverManagerConnectionProviderImpl] HHH000006: Autocommit mode: true
2020-01-31 07:11:42,538 INFO  [org.hibernate.service.jdbc.connections.internal.DriverManagerConnectionProviderImpl] HHH000401: using driver [com.mysql.jdbc.Driver] at URL [jdbc:mysql://localhost:3306/cursojavaee]
2020-01-31 07:11:42,538 INFO  [org.hibernate.service.jdbc.connections.internal.DriverManagerConnectionProviderImpl] HHH000046: Connection properties: {user=root, password=****, autocommit=true, release_mode=auto}
2020-01-31 07:11:43,162 INFO  [org.hibernate.dialect.Dialect] HHH000400: Using dialect: org.hibernate.dialect.MySQL5Dialect
2020-01-31 07:11:43,361 INFO  [org.hibernate.engine.transaction.internal.TransactionFactoryInitiator] HHH000268: Transaction strategy: org.hibernate.engine.transaction.internal.jdbc.JdbcTransactionFactory
2020-01-31 07:11:43,366 INFO  [org.hibernate.hql.internal.ast.ASTQueryTranslatorFactory] HHH000397: Using ASTQueryTranslatorFactory
2020-01-31 07:11:43,765 INFO  [org.hibernate.tool.hbm2ddl.SchemaUpdate] HHH000228: Running hbm2ddl schema update
2020-01-31 07:11:43,765 INFO  [org.hibernate.tool.hbm2ddl.SchemaUpdate] HHH000102: Fetching database metadata
2020-01-31 07:11:43,767 INFO  [org.hibernate.tool.hbm2ddl.SchemaUpdate] HHH000396: Updating schema
2020-01-31 07:11:43,806 INFO  [org.hibernate.tool.hbm2ddl.TableMetadata] HHH000261: Table found: cursojavaee.categoria
2020-01-31 07:11:43,806 INFO  [org.hibernate.tool.hbm2ddl.TableMetadata] HHH000037: Columns: [id, categoria_pai_id, descricao]
2020-01-31 07:11:43,806 INFO  [org.hibernate.tool.hbm2ddl.TableMetadata] HHH000108: Foreign keys: [fk_fkuqkgkisyom8dxthrqo1ttix]
2020-01-31 07:11:43,807 INFO  [org.hibernate.tool.hbm2ddl.TableMetadata] HHH000126: Indexes: [fk_fkuqkgkisyom8dxthrqo1ttix, primary]
2020-01-31 07:11:43,836 INFO  [org.hibernate.tool.hbm2ddl.TableMetadata] HHH000261: Table found: cursojavaee.cliente
2020-01-31 07:11:43,836 INFO  [org.hibernate.tool.hbm2ddl.TableMetadata] HHH000037: Columns: [id, email, tipo, nome, doc_receita_federal]
2020-01-31 07:11:43,837 INFO  [org.hibernate.tool.hbm2ddl.TableMetadata] HHH000108: Foreign keys: []
2020-01-31 07:11:43,837 INFO  [org.hibernate.tool.hbm2ddl.TableMetadata] HHH000126: Indexes: [primary]
2020-01-31 07:11:43,859 INFO  [org.hibernate.tool.hbm2ddl.TableMetadata] HHH000261: Table found: cursojavaee.endereco
2020-01-31 07:11:43,859 INFO  [org.hibernate.tool.hbm2ddl.TableMetadata] HHH000037: Columns: [id, cidade, complemento, cep, cliente_id, uf, logradouro, numero]
2020-01-31 07:11:43,859 INFO  [org.hibernate.tool.hbm2ddl.TableMetadata] HHH000108: Foreign keys: [fk_5hhg2rsvgex3ulsdy1svy8s62]
2020-01-31 07:11:43,860 INFO  [org.hibernate.tool.hbm2ddl.TableMetadata] HHH000126: Indexes: [fk_5hhg2rsvgex3ulsdy1svy8s62, primary]
2020-01-31 07:11:43,865 INFO  [org.hibernate.tool.hbm2ddl.TableMetadata] HHH000261: Table found: cursojavaee.grupo
2020-01-31 07:11:43,865 INFO  [org.hibernate.tool.hbm2ddl.TableMetadata] HHH000037: Columns: [id, nome, descricao]
2020-01-31 07:11:43,866 INFO  [org.hibernate.tool.hbm2ddl.TableMetadata] HHH000108: Foreign keys: []
2020-01-31 07:11:43,866 INFO  [org.hibernate.tool.hbm2ddl.TableMetadata] HHH000126: Indexes: [primary]
2020-01-31 07:11:43,874 INFO  [org.hibernate.tool.hbm2ddl.TableMetadata] HHH000261: Table found: cursojavaee.item_pedido
2020-01-31 07:11:43,874 INFO  [org.hibernate.tool.hbm2ddl.TableMetadata] HHH000037: Columns: [id, quantidade, pedido_id, valor_unitario, produto_id]
2020-01-31 07:11:43,874 INFO  [org.hibernate.tool.hbm2ddl.TableMetadata] HHH000108: Foreign keys: [fk_r5pmilksmhlmh5mccbvplg8b7, fk_4ql24iphly75cwd5vx596mx8v]
2020-01-31 07:11:43,874 INFO  [org.hibernate.tool.hbm2ddl.TableMetadata] HHH000126: Indexes: [fk_r5pmilksmhlmh5mccbvplg8b7, fk_4ql24iphly75cwd5vx596mx8v, primary]
2020-01-31 07:11:43,887 INFO  [org.hibernate.tool.hbm2ddl.TableMetadata] HHH000261: Table found: cursojavaee.pedido
2020-01-31 07:11:43,887 INFO  [org.hibernate.tool.hbm2ddl.TableMetadata] HHH000037: Columns: [entrega_uf, status, valor_desconto, valor_frete, vendedor_id, data_entrega, observacao, entrega_cep, id, entrega_numero, forma_pagamento, entrega_cidade, cliente_id, data_criacao, entrega_logradouro, valor_total, entrega_complemento]
2020-01-31 07:11:43,887 INFO  [org.hibernate.tool.hbm2ddl.TableMetadata] HHH000108: Foreign keys: [fk_k1yq38ro8cntr2av6fllk3xwt, fk_jvfwgjbqjdp5sk1qto0trgpla]
2020-01-31 07:11:43,887 INFO  [org.hibernate.tool.hbm2ddl.TableMetadata] HHH000126: Indexes: [fk_k1yq38ro8cntr2av6fllk3xwt, fk_jvfwgjbqjdp5sk1qto0trgpla, primary]
2020-01-31 07:11:43,899 INFO  [org.hibernate.tool.hbm2ddl.TableMetadata] HHH000261: Table found: cursojavaee.produto
2020-01-31 07:11:43,899 INFO  [org.hibernate.tool.hbm2ddl.TableMetadata] HHH000037: Columns: [id, nome, sku, categoria_id, valor_unitario, quantidade_estoque]
2020-01-31 07:11:43,900 INFO  [org.hibernate.tool.hbm2ddl.TableMetadata] HHH000108: Foreign keys: [fk_el0d58htywfs914w4grf6aoa0]
2020-01-31 07:11:43,900 INFO  [org.hibernate.tool.hbm2ddl.TableMetadata] HHH000126: Indexes: [uk_j6npst3feop938l4x5h675kyv, primary, fk_el0d58htywfs914w4grf6aoa0]
2020-01-31 07:11:43,906 INFO  [org.hibernate.tool.hbm2ddl.TableMetadata] HHH000261: Table found: cursojavaee.usuario
2020-01-31 07:11:43,906 INFO  [org.hibernate.tool.hbm2ddl.TableMetadata] HHH000037: Columns: [id, email, nome, senha]
2020-01-31 07:11:43,906 INFO  [org.hibernate.tool.hbm2ddl.TableMetadata] HHH000108: Foreign keys: []
2020-01-31 07:11:43,906 INFO  [org.hibernate.tool.hbm2ddl.TableMetadata] HHH000126: Indexes: [primary, uk_5171l57faosmj8myawaucatdw]
2020-01-31 07:11:43,938 INFO  [org.hibernate.tool.hbm2ddl.TableMetadata] HHH000261: Table found: cursojavaee.usuario_grupo
2020-01-31 07:11:43,938 INFO  [org.hibernate.tool.hbm2ddl.TableMetadata] HHH000037: Columns: [usuario_id, grupo_id]
2020-01-31 07:11:43,938 INFO  [org.hibernate.tool.hbm2ddl.TableMetadata] HHH000108: Foreign keys: [fk_m32it4c8rkf6t8nno481k43q4, fk_5p20y5panoea7wc040qm6eemd]
2020-01-31 07:11:43,938 INFO  [org.hibernate.tool.hbm2ddl.TableMetadata] HHH000126: Indexes: [fk_m32it4c8rkf6t8nno481k43q4, fk_5p20y5panoea7wc040qm6eemd]
2020-01-31 07:11:43,940 INFO  [org.hibernate.tool.hbm2ddl.SchemaUpdate] HHH000232: Schema update complete
2020-01-31 07:30:53,834 INFO  [org.jboss.weld.environment.servletWeldServlet] WELD-ENV-001008: Initialize Weld using ServletContainerInitializer
2020-01-31 07:30:53,851 INFO  [org.jboss.weld.Version] WELD-000900: 2.2.9 (Final)
2020-01-31 07:30:53,880 INFO  [org.jboss.weld.Bootstrap] WELD-ENV-000020: Using jandex for bean discovery
2020-01-31 07:30:54,177 INFO  [org.jboss.weld.Bootstrap] WELD-000101: Transactional services not available. Injection of @Inject UserTransaction not available. Transactional observers will be invoked synchronously.
2020-01-31 07:30:54,246 WARN  [org.jboss.weld.Interceptor] WELD-001700: Interceptor annotation class javax.ejb.PostActivate not found, interception based on it is not enabled
2020-01-31 07:30:54,246 WARN  [org.jboss.weld.Interceptor] WELD-001700: Interceptor annotation class javax.ejb.PrePassivate not found, interception based on it is not enabled
2020-01-31 07:30:54,450 INFO  [org.jboss.weld.environment.servletTomcat] WELD-ENV-001100: Tomcat 7+ detected, CDI injection will be available in Servlets, Filters and Listeners.
2020-01-31 07:30:54,807 INFO  [org.jboss.weld.environment.servletWeldServlet] WELD-ENV-001006: org.jboss.weld.environment.servlet.EnhancedListener used for ServletContext notifications
2020-01-31 07:30:55,428 INFO  [org.hibernate.validator.internal.util.Version] HV000001: Hibernate Validator 5.4.0.Final
2020-01-31 07:30:55,991 INFO  [org.jboss.weld.environment.servletWeldServlet] WELD-ENV-001009: org.jboss.weld.environment.servlet.Listener used for ServletRequest and HttpSession notifications
2020-01-31 07:32:34,825 INFO  [org.jboss.weld.environment.servletWeldServlet] WELD-ENV-001008: Initialize Weld using ServletContainerInitializer
2020-01-31 07:32:34,839 INFO  [org.jboss.weld.Version] WELD-000900: 2.2.9 (Final)
2020-01-31 07:32:34,862 INFO  [org.jboss.weld.Bootstrap] WELD-ENV-000020: Using jandex for bean discovery
2020-01-31 07:32:35,116 INFO  [org.jboss.weld.Bootstrap] WELD-000101: Transactional services not available. Injection of @Inject UserTransaction not available. Transactional observers will be invoked synchronously.
2020-01-31 07:32:35,180 WARN  [org.jboss.weld.Interceptor] WELD-001700: Interceptor annotation class javax.ejb.PostActivate not found, interception based on it is not enabled
2020-01-31 07:32:35,180 WARN  [org.jboss.weld.Interceptor] WELD-001700: Interceptor annotation class javax.ejb.PrePassivate not found, interception based on it is not enabled
2020-01-31 07:32:35,370 INFO  [org.jboss.weld.environment.servletTomcat] WELD-ENV-001100: Tomcat 7+ detected, CDI injection will be available in Servlets, Filters and Listeners.
2020-01-31 07:32:35,695 INFO  [org.jboss.weld.environment.servletWeldServlet] WELD-ENV-001006: org.jboss.weld.environment.servlet.EnhancedListener used for ServletContext notifications
2020-01-31 07:32:36,240 INFO  [org.hibernate.validator.internal.util.Version] HV000001: Hibernate Validator 5.4.0.Final
2020-01-31 07:32:36,760 INFO  [org.jboss.weld.environment.servletWeldServlet] WELD-ENV-001009: org.jboss.weld.environment.servlet.Listener used for ServletRequest and HttpSession notifications
2020-01-31 07:32:55,107 INFO  [org.hibernate.annotations.common.Version] HCANN000001: Hibernate Commons Annotations {4.0.2.Final}
2020-01-31 07:32:55,113 INFO  [org.hibernate.Version] HHH000412: Hibernate Core {4.2.3.Final}
2020-01-31 07:32:55,114 INFO  [org.hibernate.cfg.Environment] HHH000206: hibernate.properties not found
2020-01-31 07:32:55,116 INFO  [org.hibernate.cfg.Environment] HHH000021: Bytecode provider name : javassist
2020-01-31 07:32:55,285 INFO  [org.hibernate.service.jdbc.connections.internal.DriverManagerConnectionProviderImpl] HHH000402: Using Hibernate built-in connection pool (not for production use!)
2020-01-31 07:32:55,288 INFO  [org.hibernate.service.jdbc.connections.internal.DriverManagerConnectionProviderImpl] HHH000115: Hibernate connection pool size: 20
2020-01-31 07:32:55,288 INFO  [org.hibernate.service.jdbc.connections.internal.DriverManagerConnectionProviderImpl] HHH000006: Autocommit mode: true
2020-01-31 07:32:55,289 INFO  [org.hibernate.service.jdbc.connections.internal.DriverManagerConnectionProviderImpl] HHH000401: using driver [com.mysql.jdbc.Driver] at URL [jdbc:mysql://localhost:3306/cursojavaee]
2020-01-31 07:32:55,289 INFO  [org.hibernate.service.jdbc.connections.internal.DriverManagerConnectionProviderImpl] HHH000046: Connection properties: {user=root, password=****, autocommit=true, release_mode=auto}
2020-01-31 07:32:55,571 INFO  [org.hibernate.dialect.Dialect] HHH000400: Using dialect: org.hibernate.dialect.MySQL5Dialect
2020-01-31 07:32:55,773 INFO  [org.hibernate.engine.transaction.internal.TransactionFactoryInitiator] HHH000268: Transaction strategy: org.hibernate.engine.transaction.internal.jdbc.JdbcTransactionFactory
2020-01-31 07:32:55,779 INFO  [org.hibernate.hql.internal.ast.ASTQueryTranslatorFactory] HHH000397: Using ASTQueryTranslatorFactory
2020-01-31 07:32:56,203 INFO  [org.hibernate.tool.hbm2ddl.SchemaUpdate] HHH000228: Running hbm2ddl schema update
2020-01-31 07:32:56,203 INFO  [org.hibernate.tool.hbm2ddl.SchemaUpdate] HHH000102: Fetching database metadata
2020-01-31 07:32:56,205 INFO  [org.hibernate.tool.hbm2ddl.SchemaUpdate] HHH000396: Updating schema
2020-01-31 07:32:56,229 INFO  [org.hibernate.tool.hbm2ddl.TableMetadata] HHH000261: Table found: cursojavaee.categoria
2020-01-31 07:32:56,229 INFO  [org.hibernate.tool.hbm2ddl.TableMetadata] HHH000037: Columns: [id, categoria_pai_id, descricao]
2020-01-31 07:32:56,230 INFO  [org.hibernate.tool.hbm2ddl.TableMetadata] HHH000108: Foreign keys: [fk_fkuqkgkisyom8dxthrqo1ttix]
2020-01-31 07:32:56,230 INFO  [org.hibernate.tool.hbm2ddl.TableMetadata] HHH000126: Indexes: [fk_fkuqkgkisyom8dxthrqo1ttix, primary]
2020-01-31 07:32:56,237 INFO  [org.hibernate.tool.hbm2ddl.TableMetadata] HHH000261: Table found: cursojavaee.cliente
2020-01-31 07:32:56,237 INFO  [org.hibernate.tool.hbm2ddl.TableMetadata] HHH000037: Columns: [id, email, tipo, nome, doc_receita_federal]
2020-01-31 07:32:56,237 INFO  [org.hibernate.tool.hbm2ddl.TableMetadata] HHH000108: Foreign keys: []
2020-01-31 07:32:56,237 INFO  [org.hibernate.tool.hbm2ddl.TableMetadata] HHH000126: Indexes: [primary]
2020-01-31 07:32:56,247 INFO  [org.hibernate.tool.hbm2ddl.TableMetadata] HHH000261: Table found: cursojavaee.endereco
2020-01-31 07:32:56,247 INFO  [org.hibernate.tool.hbm2ddl.TableMetadata] HHH000037: Columns: [id, cidade, complemento, cep, cliente_id, uf, logradouro, numero]
2020-01-31 07:32:56,247 INFO  [org.hibernate.tool.hbm2ddl.TableMetadata] HHH000108: Foreign keys: [fk_5hhg2rsvgex3ulsdy1svy8s62]
2020-01-31 07:32:56,247 INFO  [org.hibernate.tool.hbm2ddl.TableMetadata] HHH000126: Indexes: [fk_5hhg2rsvgex3ulsdy1svy8s62, primary]
2020-01-31 07:32:56,253 INFO  [org.hibernate.tool.hbm2ddl.TableMetadata] HHH000261: Table found: cursojavaee.grupo
2020-01-31 07:32:56,253 INFO  [org.hibernate.tool.hbm2ddl.TableMetadata] HHH000037: Columns: [id, nome, descricao]
2020-01-31 07:32:56,253 INFO  [org.hibernate.tool.hbm2ddl.TableMetadata] HHH000108: Foreign keys: []
2020-01-31 07:32:56,253 INFO  [org.hibernate.tool.hbm2ddl.TableMetadata] HHH000126: Indexes: [primary]
2020-01-31 07:32:56,264 INFO  [org.hibernate.tool.hbm2ddl.TableMetadata] HHH000261: Table found: cursojavaee.item_pedido
2020-01-31 07:32:56,264 INFO  [org.hibernate.tool.hbm2ddl.TableMetadata] HHH000037: Columns: [id, quantidade, pedido_id, valor_unitario, produto_id]
2020-01-31 07:32:56,264 INFO  [org.hibernate.tool.hbm2ddl.TableMetadata] HHH000108: Foreign keys: [fk_r5pmilksmhlmh5mccbvplg8b7, fk_4ql24iphly75cwd5vx596mx8v]
2020-01-31 07:32:56,264 INFO  [org.hibernate.tool.hbm2ddl.TableMetadata] HHH000126: Indexes: [fk_r5pmilksmhlmh5mccbvplg8b7, fk_4ql24iphly75cwd5vx596mx8v, primary]
2020-01-31 07:32:56,275 INFO  [org.hibernate.tool.hbm2ddl.TableMetadata] HHH000261: Table found: cursojavaee.pedido
2020-01-31 07:32:56,275 INFO  [org.hibernate.tool.hbm2ddl.TableMetadata] HHH000037: Columns: [entrega_uf, status, valor_desconto, valor_frete, vendedor_id, data_entrega, observacao, entrega_cep, id, entrega_numero, forma_pagamento, entrega_cidade, cliente_id, data_criacao, entrega_logradouro, valor_total, entrega_complemento]
2020-01-31 07:32:56,276 INFO  [org.hibernate.tool.hbm2ddl.TableMetadata] HHH000108: Foreign keys: [fk_k1yq38ro8cntr2av6fllk3xwt, fk_jvfwgjbqjdp5sk1qto0trgpla]
2020-01-31 07:32:56,276 INFO  [org.hibernate.tool.hbm2ddl.TableMetadata] HHH000126: Indexes: [fk_k1yq38ro8cntr2av6fllk3xwt, fk_jvfwgjbqjdp5sk1qto0trgpla, primary]
2020-01-31 07:32:56,283 INFO  [org.hibernate.tool.hbm2ddl.TableMetadata] HHH000261: Table found: cursojavaee.produto
2020-01-31 07:32:56,283 INFO  [org.hibernate.tool.hbm2ddl.TableMetadata] HHH000037: Columns: [id, nome, sku, categoria_id, valor_unitario, quantidade_estoque]
2020-01-31 07:32:56,283 INFO  [org.hibernate.tool.hbm2ddl.TableMetadata] HHH000108: Foreign keys: [fk_el0d58htywfs914w4grf6aoa0]
2020-01-31 07:32:56,284 INFO  [org.hibernate.tool.hbm2ddl.TableMetadata] HHH000126: Indexes: [uk_j6npst3feop938l4x5h675kyv, primary, fk_el0d58htywfs914w4grf6aoa0]
2020-01-31 07:32:56,289 INFO  [org.hibernate.tool.hbm2ddl.TableMetadata] HHH000261: Table found: cursojavaee.usuario
2020-01-31 07:32:56,289 INFO  [org.hibernate.tool.hbm2ddl.TableMetadata] HHH000037: Columns: [id, email, nome, senha]
2020-01-31 07:32:56,289 INFO  [org.hibernate.tool.hbm2ddl.TableMetadata] HHH000108: Foreign keys: []
2020-01-31 07:32:56,290 INFO  [org.hibernate.tool.hbm2ddl.TableMetadata] HHH000126: Indexes: [primary, uk_5171l57faosmj8myawaucatdw]
2020-01-31 07:32:56,296 INFO  [org.hibernate.tool.hbm2ddl.TableMetadata] HHH000261: Table found: cursojavaee.usuario_grupo
2020-01-31 07:32:56,296 INFO  [org.hibernate.tool.hbm2ddl.TableMetadata] HHH000037: Columns: [usuario_id, grupo_id]
2020-01-31 07:32:56,296 INFO  [org.hibernate.tool.hbm2ddl.TableMetadata] HHH000108: Foreign keys: [fk_m32it4c8rkf6t8nno481k43q4, fk_5p20y5panoea7wc040qm6eemd]
2020-01-31 07:32:56,296 INFO  [org.hibernate.tool.hbm2ddl.TableMetadata] HHH000126: Indexes: [fk_m32it4c8rkf6t8nno481k43q4, fk_5p20y5panoea7wc040qm6eemd]
2020-01-31 07:32:56,297 INFO  [org.hibernate.tool.hbm2ddl.SchemaUpdate] HHH000232: Schema update complete
