2020-01-14 12:16:54,804 INFO  [org.jboss.weld.environment.servletWeldServlet] WELD-ENV-001008: Initialize Weld using ServletContainerInitializer
2020-01-14 12:16:54,825 INFO  [org.jboss.weld.Version] WELD-000900: 2.2.9 (Final)
2020-01-14 12:16:54,853 INFO  [org.jboss.weld.Bootstrap] WELD-ENV-000020: Using jandex for bean discovery
2020-01-14 12:16:55,087 INFO  [org.jboss.weld.Bootstrap] WELD-000101: Transactional services not available. Injection of @Inject UserTransaction not available. Transactional observers will be invoked synchronously.
2020-01-14 12:16:55,218 WARN  [org.jboss.weld.Interceptor] WELD-001700: Interceptor annotation class javax.ejb.PostActivate not found, interception based on it is not enabled
2020-01-14 12:16:55,219 WARN  [org.jboss.weld.Interceptor] WELD-001700: Interceptor annotation class javax.ejb.PrePassivate not found, interception based on it is not enabled
2020-01-14 12:16:55,474 INFO  [org.jboss.weld.environment.servletTomcat] WELD-ENV-001100: Tomcat 7+ detected, CDI injection will be available in Servlets, Filters and Listeners.
2020-01-14 12:16:56,383 INFO  [org.jboss.weld.environment.servletWeldServlet] WELD-ENV-001006: org.jboss.weld.environment.servlet.EnhancedListener used for ServletContext notifications
2020-01-14 12:16:56,383 INFO  [org.jboss.weld.environment.servletWeldServlet] WELD-ENV-001009: org.jboss.weld.environment.servlet.Listener used for ServletRequest and HttpSession notifications
2020-01-14 12:16:57,267 INFO  [org.hibernate.validator.internal.util.Version] HV000001: Hibernate Validator 5.3.1.Final
2020-01-14 13:07:54,370 INFO  [org.jboss.weld.environment.servletWeldServlet] WELD-ENV-001008: Initialize Weld using ServletContainerInitializer
2020-01-14 13:07:54,386 INFO  [org.jboss.weld.Version] WELD-000900: 2.2.9 (Final)
2020-01-14 13:07:54,409 INFO  [org.jboss.weld.Bootstrap] WELD-ENV-000020: Using jandex for bean discovery
2020-01-14 13:07:54,660 INFO  [org.jboss.weld.Bootstrap] WELD-000101: Transactional services not available. Injection of @Inject UserTransaction not available. Transactional observers will be invoked synchronously.
2020-01-14 13:07:54,782 WARN  [org.jboss.weld.Interceptor] WELD-001700: Interceptor annotation class javax.ejb.PostActivate not found, interception based on it is not enabled
2020-01-14 13:07:54,783 WARN  [org.jboss.weld.Interceptor] WELD-001700: Interceptor annotation class javax.ejb.PrePassivate not found, interception based on it is not enabled
2020-01-14 13:07:55,032 INFO  [org.jboss.weld.environment.servletTomcat] WELD-ENV-001100: Tomcat 7+ detected, CDI injection will be available in Servlets, Filters and Listeners.
2020-01-14 13:07:55,706 INFO  [org.jboss.weld.environment.servletWeldServlet] WELD-ENV-001006: org.jboss.weld.environment.servlet.EnhancedListener used for ServletContext notifications
2020-01-14 13:07:55,706 INFO  [org.jboss.weld.environment.servletWeldServlet] WELD-ENV-001009: org.jboss.weld.environment.servlet.Listener used for ServletRequest and HttpSession notifications
2020-01-14 13:07:56,328 INFO  [org.hibernate.validator.internal.util.Version] HV000001: Hibernate Validator 5.3.1.Final
2020-01-14 13:12:23,081 INFO  [org.jboss.weld.environment.servletWeldServlet] WELD-ENV-001008: Initialize Weld using ServletContainerInitializer
2020-01-14 13:12:23,100 INFO  [org.jboss.weld.Version] WELD-000900: 2.2.9 (Final)
2020-01-14 13:12:23,126 INFO  [org.jboss.weld.Bootstrap] WELD-ENV-000020: Using jandex for bean discovery
2020-01-14 13:12:23,359 INFO  [org.jboss.weld.Bootstrap] WELD-000101: Transactional services not available. Injection of @Inject UserTransaction not available. Transactional observers will be invoked synchronously.
2020-01-14 13:12:23,450 WARN  [org.jboss.weld.Interceptor] WELD-001700: Interceptor annotation class javax.ejb.PostActivate not found, interception based on it is not enabled
2020-01-14 13:12:23,451 WARN  [org.jboss.weld.Interceptor] WELD-001700: Interceptor annotation class javax.ejb.PrePassivate not found, interception based on it is not enabled
2020-01-14 13:12:23,710 INFO  [org.jboss.weld.environment.servletTomcat] WELD-ENV-001100: Tomcat 7+ detected, CDI injection will be available in Servlets, Filters and Listeners.
2020-01-14 13:12:24,320 INFO  [org.jboss.weld.environment.servletWeldServlet] WELD-ENV-001006: org.jboss.weld.environment.servlet.EnhancedListener used for ServletContext notifications
2020-01-14 13:12:24,321 INFO  [org.jboss.weld.environment.servletWeldServlet] WELD-ENV-001009: org.jboss.weld.environment.servlet.Listener used for ServletRequest and HttpSession notifications
2020-01-14 13:12:25,031 INFO  [org.hibernate.validator.internal.util.Version] HV000001: Hibernate Validator 5.3.1.Final
2020-01-14 13:13:45,872 INFO  [org.jboss.weld.environment.servletWeldServlet] WELD-ENV-001008: Initialize Weld using ServletContainerInitializer
2020-01-14 13:13:45,889 INFO  [org.jboss.weld.Version] WELD-000900: 2.2.9 (Final)
2020-01-14 13:13:45,917 INFO  [org.jboss.weld.Bootstrap] WELD-ENV-000020: Using jandex for bean discovery
2020-01-14 13:13:46,166 INFO  [org.jboss.weld.Bootstrap] WELD-000101: Transactional services not available. Injection of @Inject UserTransaction not available. Transactional observers will be invoked synchronously.
2020-01-14 13:13:46,306 WARN  [org.jboss.weld.Interceptor] WELD-001700: Interceptor annotation class javax.ejb.PostActivate not found, interception based on it is not enabled
2020-01-14 13:13:46,307 WARN  [org.jboss.weld.Interceptor] WELD-001700: Interceptor annotation class javax.ejb.PrePassivate not found, interception based on it is not enabled
2020-01-14 13:13:46,562 INFO  [org.jboss.weld.environment.servletTomcat] WELD-ENV-001100: Tomcat 7+ detected, CDI injection will be available in Servlets, Filters and Listeners.
2020-01-14 13:13:47,130 INFO  [org.jboss.weld.environment.servletWeldServlet] WELD-ENV-001006: org.jboss.weld.environment.servlet.EnhancedListener used for ServletContext notifications
2020-01-14 13:13:47,130 INFO  [org.jboss.weld.environment.servletWeldServlet] WELD-ENV-001009: org.jboss.weld.environment.servlet.Listener used for ServletRequest and HttpSession notifications
2020-01-14 13:13:47,803 INFO  [org.hibernate.validator.internal.util.Version] HV000001: Hibernate Validator 5.3.1.Final
2020-01-14 13:23:26,808 INFO  [org.jboss.weld.environment.servletWeldServlet] WELD-ENV-001008: Initialize Weld using ServletContainerInitializer
2020-01-14 13:23:26,825 INFO  [org.jboss.weld.Version] WELD-000900: 2.2.9 (Final)
2020-01-14 13:23:26,851 INFO  [org.jboss.weld.Bootstrap] WELD-ENV-000020: Using jandex for bean discovery
2020-01-14 13:23:27,072 INFO  [org.jboss.weld.Bootstrap] WELD-000101: Transactional services not available. Injection of @Inject UserTransaction not available. Transactional observers will be invoked synchronously.
2020-01-14 13:23:27,175 WARN  [org.jboss.weld.Interceptor] WELD-001700: Interceptor annotation class javax.ejb.PostActivate not found, interception based on it is not enabled
2020-01-14 13:23:27,176 WARN  [org.jboss.weld.Interceptor] WELD-001700: Interceptor annotation class javax.ejb.PrePassivate not found, interception based on it is not enabled
2020-01-14 13:23:27,416 INFO  [org.jboss.weld.environment.servletTomcat] WELD-ENV-001100: Tomcat 7+ detected, CDI injection will be available in Servlets, Filters and Listeners.
2020-01-14 13:23:27,931 INFO  [org.jboss.weld.environment.servletWeldServlet] WELD-ENV-001006: org.jboss.weld.environment.servlet.EnhancedListener used for ServletContext notifications
2020-01-14 13:23:27,932 INFO  [org.jboss.weld.environment.servletWeldServlet] WELD-ENV-001009: org.jboss.weld.environment.servlet.Listener used for ServletRequest and HttpSession notifications
2020-01-14 13:23:28,685 INFO  [org.hibernate.validator.internal.util.Version] HV000001: Hibernate Validator 5.3.1.Final
2020-01-14 13:25:05,348 INFO  [org.jboss.weld.environment.servletWeldServlet] WELD-ENV-001008: Initialize Weld using ServletContainerInitializer
2020-01-14 13:25:05,376 INFO  [org.jboss.weld.Version] WELD-000900: 2.2.9 (Final)
2020-01-14 13:25:05,404 INFO  [org.jboss.weld.Bootstrap] WELD-ENV-000020: Using jandex for bean discovery
2020-01-14 13:25:05,641 INFO  [org.jboss.weld.Bootstrap] WELD-000101: Transactional services not available. Injection of @Inject UserTransaction not available. Transactional observers will be invoked synchronously.
2020-01-14 13:25:05,726 WARN  [org.jboss.weld.Interceptor] WELD-001700: Interceptor annotation class javax.ejb.PostActivate not found, interception based on it is not enabled
2020-01-14 13:25:05,727 WARN  [org.jboss.weld.Interceptor] WELD-001700: Interceptor annotation class javax.ejb.PrePassivate not found, interception based on it is not enabled
2020-01-14 13:25:05,933 INFO  [org.jboss.weld.environment.servletTomcat] WELD-ENV-001100: Tomcat 7+ detected, CDI injection will be available in Servlets, Filters and Listeners.
2020-01-14 13:25:06,597 INFO  [org.jboss.weld.environment.servletWeldServlet] WELD-ENV-001006: org.jboss.weld.environment.servlet.EnhancedListener used for ServletContext notifications
2020-01-14 13:25:06,598 INFO  [org.jboss.weld.environment.servletWeldServlet] WELD-ENV-001009: org.jboss.weld.environment.servlet.Listener used for ServletRequest and HttpSession notifications
2020-01-14 13:25:07,243 INFO  [org.hibernate.validator.internal.util.Version] HV000001: Hibernate Validator 5.3.1.Final
2020-01-14 13:38:16,405 INFO  [org.jboss.weld.environment.servletWeldServlet] WELD-ENV-001008: Initialize Weld using ServletContainerInitializer
2020-01-14 13:38:16,429 INFO  [org.jboss.weld.Version] WELD-000900: 2.2.9 (Final)
2020-01-14 13:38:16,464 INFO  [org.jboss.weld.Bootstrap] WELD-ENV-000020: Using jandex for bean discovery
2020-01-14 13:38:16,688 INFO  [org.jboss.weld.Bootstrap] WELD-000101: Transactional services not available. Injection of @Inject UserTransaction not available. Transactional observers will be invoked synchronously.
2020-01-14 13:38:16,795 WARN  [org.jboss.weld.Interceptor] WELD-001700: Interceptor annotation class javax.ejb.PostActivate not found, interception based on it is not enabled
2020-01-14 13:38:16,795 WARN  [org.jboss.weld.Interceptor] WELD-001700: Interceptor annotation class javax.ejb.PrePassivate not found, interception based on it is not enabled
2020-01-14 13:38:16,995 INFO  [org.jboss.weld.environment.servletTomcat] WELD-ENV-001100: Tomcat 7+ detected, CDI injection will be available in Servlets, Filters and Listeners.
2020-01-14 13:38:17,551 INFO  [org.jboss.weld.environment.servletWeldServlet] WELD-ENV-001006: org.jboss.weld.environment.servlet.EnhancedListener used for ServletContext notifications
2020-01-14 13:38:17,551 INFO  [org.jboss.weld.environment.servletWeldServlet] WELD-ENV-001009: org.jboss.weld.environment.servlet.Listener used for ServletRequest and HttpSession notifications
2020-01-14 13:38:18,196 INFO  [org.hibernate.validator.internal.util.Version] HV000001: Hibernate Validator 5.3.1.Final
2020-01-14 13:42:57,047 INFO  [org.jboss.weld.environment.servletWeldServlet] WELD-ENV-001008: Initialize Weld using ServletContainerInitializer
2020-01-14 13:42:57,070 INFO  [org.jboss.weld.Version] WELD-000900: 2.2.9 (Final)
2020-01-14 13:42:57,108 INFO  [org.jboss.weld.Bootstrap] WELD-ENV-000020: Using jandex for bean discovery
2020-01-14 13:42:57,313 INFO  [org.jboss.weld.Bootstrap] WELD-000101: Transactional services not available. Injection of @Inject UserTransaction not available. Transactional observers will be invoked synchronously.
2020-01-14 13:42:57,409 WARN  [org.jboss.weld.Interceptor] WELD-001700: Interceptor annotation class javax.ejb.PostActivate not found, interception based on it is not enabled
2020-01-14 13:42:57,410 WARN  [org.jboss.weld.Interceptor] WELD-001700: Interceptor annotation class javax.ejb.PrePassivate not found, interception based on it is not enabled
2020-01-14 13:42:57,614 INFO  [org.jboss.weld.environment.servletTomcat] WELD-ENV-001100: Tomcat 7+ detected, CDI injection will be available in Servlets, Filters and Listeners.
2020-01-14 13:42:58,117 INFO  [org.jboss.weld.environment.servletWeldServlet] WELD-ENV-001006: org.jboss.weld.environment.servlet.EnhancedListener used for ServletContext notifications
2020-01-14 13:42:58,118 INFO  [org.jboss.weld.environment.servletWeldServlet] WELD-ENV-001009: org.jboss.weld.environment.servlet.Listener used for ServletRequest and HttpSession notifications
2020-01-14 13:42:58,800 INFO  [org.hibernate.validator.internal.util.Version] HV000001: Hibernate Validator 5.3.1.Final
2020-01-14 14:34:25,915 INFO  [org.jboss.weld.environment.servletWeldServlet] WELD-ENV-001008: Initialize Weld using ServletContainerInitializer
2020-01-14 14:34:25,934 INFO  [org.jboss.weld.Version] WELD-000900: 2.2.9 (Final)
2020-01-14 14:34:25,961 INFO  [org.jboss.weld.Bootstrap] WELD-ENV-000020: Using jandex for bean discovery
2020-01-14 14:34:26,179 INFO  [org.jboss.weld.Bootstrap] WELD-000101: Transactional services not available. Injection of @Inject UserTransaction not available. Transactional observers will be invoked synchronously.
2020-01-14 14:34:26,269 WARN  [org.jboss.weld.Interceptor] WELD-001700: Interceptor annotation class javax.ejb.PostActivate not found, interception based on it is not enabled
2020-01-14 14:34:26,270 WARN  [org.jboss.weld.Interceptor] WELD-001700: Interceptor annotation class javax.ejb.PrePassivate not found, interception based on it is not enabled
2020-01-14 14:34:26,449 INFO  [org.jboss.weld.environment.servletTomcat] WELD-ENV-001100: Tomcat 7+ detected, CDI injection will be available in Servlets, Filters and Listeners.
2020-01-14 14:34:26,976 INFO  [org.jboss.weld.environment.servletWeldServlet] WELD-ENV-001006: org.jboss.weld.environment.servlet.EnhancedListener used for ServletContext notifications
2020-01-14 14:34:26,977 INFO  [org.jboss.weld.environment.servletWeldServlet] WELD-ENV-001009: org.jboss.weld.environment.servlet.Listener used for ServletRequest and HttpSession notifications
2020-01-14 14:34:27,714 INFO  [org.hibernate.validator.internal.util.Version] HV000001: Hibernate Validator 5.3.1.Final
2020-01-14 14:35:00,989 INFO  [org.jboss.weld.environment.servletWeldServlet] WELD-ENV-001008: Initialize Weld using ServletContainerInitializer
2020-01-14 14:35:01,014 INFO  [org.jboss.weld.Version] WELD-000900: 2.2.9 (Final)
2020-01-14 14:35:01,037 INFO  [org.jboss.weld.Bootstrap] WELD-ENV-000020: Using jandex for bean discovery
2020-01-14 14:35:01,251 INFO  [org.jboss.weld.Bootstrap] WELD-000101: Transactional services not available. Injection of @Inject UserTransaction not available. Transactional observers will be invoked synchronously.
2020-01-14 14:35:01,325 WARN  [org.jboss.weld.Interceptor] WELD-001700: Interceptor annotation class javax.ejb.PostActivate not found, interception based on it is not enabled
2020-01-14 14:35:01,326 WARN  [org.jboss.weld.Interceptor] WELD-001700: Interceptor annotation class javax.ejb.PrePassivate not found, interception based on it is not enabled
2020-01-14 14:35:01,568 INFO  [org.jboss.weld.environment.servletTomcat] WELD-ENV-001100: Tomcat 7+ detected, CDI injection will be available in Servlets, Filters and Listeners.
2020-01-14 14:35:02,031 INFO  [org.jboss.weld.environment.servletWeldServlet] WELD-ENV-001006: org.jboss.weld.environment.servlet.EnhancedListener used for ServletContext notifications
2020-01-14 14:35:02,031 INFO  [org.jboss.weld.environment.servletWeldServlet] WELD-ENV-001009: org.jboss.weld.environment.servlet.Listener used for ServletRequest and HttpSession notifications
2020-01-14 14:35:02,746 INFO  [org.hibernate.validator.internal.util.Version] HV000001: Hibernate Validator 5.3.1.Final
2020-01-14 14:46:55,932 INFO  [org.jboss.weld.environment.servletWeldServlet] WELD-ENV-001008: Initialize Weld using ServletContainerInitializer
2020-01-14 14:46:55,951 INFO  [org.jboss.weld.Version] WELD-000900: 2.2.9 (Final)
2020-01-14 14:46:55,984 INFO  [org.jboss.weld.Bootstrap] WELD-ENV-000020: Using jandex for bean discovery
2020-01-14 14:46:56,349 INFO  [org.jboss.weld.Bootstrap] WELD-000101: Transactional services not available. Injection of @Inject UserTransaction not available. Transactional observers will be invoked synchronously.
2020-01-14 14:46:56,474 WARN  [org.jboss.weld.Interceptor] WELD-001700: Interceptor annotation class javax.ejb.PostActivate not found, interception based on it is not enabled
2020-01-14 14:46:56,475 WARN  [org.jboss.weld.Interceptor] WELD-001700: Interceptor annotation class javax.ejb.PrePassivate not found, interception based on it is not enabled
2020-01-14 14:46:56,772 INFO  [org.jboss.weld.environment.servletTomcat] WELD-ENV-001100: Tomcat 7+ detected, CDI injection will be available in Servlets, Filters and Listeners.
2020-01-14 14:46:57,535 INFO  [org.jboss.weld.environment.servletWeldServlet] WELD-ENV-001006: org.jboss.weld.environment.servlet.EnhancedListener used for ServletContext notifications
2020-01-14 14:46:57,535 INFO  [org.jboss.weld.environment.servletWeldServlet] WELD-ENV-001009: org.jboss.weld.environment.servlet.Listener used for ServletRequest and HttpSession notifications
2020-01-14 14:46:58,249 INFO  [org.hibernate.validator.internal.util.Version] HV000001: Hibernate Validator 5.3.1.Final
2020-01-14 14:49:30,671 INFO  [org.jboss.weld.environment.servletWeldServlet] WELD-ENV-001008: Initialize Weld using ServletContainerInitializer
2020-01-14 14:49:30,720 INFO  [org.jboss.weld.Version] WELD-000900: 2.2.9 (Final)
2020-01-14 14:49:30,801 INFO  [org.jboss.weld.Bootstrap] WELD-ENV-000020: Using jandex for bean discovery
2020-01-14 14:49:31,102 INFO  [org.jboss.weld.Bootstrap] WELD-000101: Transactional services not available. Injection of @Inject UserTransaction not available. Transactional observers will be invoked synchronously.
2020-01-14 14:49:31,196 WARN  [org.jboss.weld.Interceptor] WELD-001700: Interceptor annotation class javax.ejb.PostActivate not found, interception based on it is not enabled
2020-01-14 14:49:31,197 WARN  [org.jboss.weld.Interceptor] WELD-001700: Interceptor annotation class javax.ejb.PrePassivate not found, interception based on it is not enabled
2020-01-14 14:49:31,413 INFO  [org.jboss.weld.environment.servletTomcat] WELD-ENV-001100: Tomcat 7+ detected, CDI injection will be available in Servlets, Filters and Listeners.
2020-01-14 14:49:32,101 INFO  [org.jboss.weld.environment.servletWeldServlet] WELD-ENV-001006: org.jboss.weld.environment.servlet.EnhancedListener used for ServletContext notifications
2020-01-14 14:49:32,101 INFO  [org.jboss.weld.environment.servletWeldServlet] WELD-ENV-001009: org.jboss.weld.environment.servlet.Listener used for ServletRequest and HttpSession notifications
2020-01-14 14:49:32,755 INFO  [org.hibernate.validator.internal.util.Version] HV000001: Hibernate Validator 5.3.1.Final
2020-01-14 14:52:11,614 INFO  [org.jboss.weld.environment.servletWeldServlet] WELD-ENV-001008: Initialize Weld using ServletContainerInitializer
2020-01-14 14:52:11,630 INFO  [org.jboss.weld.Version] WELD-000900: 2.2.9 (Final)
2020-01-14 14:52:11,653 INFO  [org.jboss.weld.Bootstrap] WELD-ENV-000020: Using jandex for bean discovery
2020-01-14 14:52:11,859 INFO  [org.jboss.weld.Bootstrap] WELD-000101: Transactional services not available. Injection of @Inject UserTransaction not available. Transactional observers will be invoked synchronously.
2020-01-14 14:52:11,934 WARN  [org.jboss.weld.Interceptor] WELD-001700: Interceptor annotation class javax.ejb.PostActivate not found, interception based on it is not enabled
2020-01-14 14:52:11,935 WARN  [org.jboss.weld.Interceptor] WELD-001700: Interceptor annotation class javax.ejb.PrePassivate not found, interception based on it is not enabled
2020-01-14 14:52:12,095 INFO  [org.jboss.weld.environment.servletTomcat] WELD-ENV-001100: Tomcat 7+ detected, CDI injection will be available in Servlets, Filters and Listeners.
2020-01-14 14:52:12,604 INFO  [org.jboss.weld.environment.servletWeldServlet] WELD-ENV-001006: org.jboss.weld.environment.servlet.EnhancedListener used for ServletContext notifications
2020-01-14 14:52:12,605 INFO  [org.jboss.weld.environment.servletWeldServlet] WELD-ENV-001009: org.jboss.weld.environment.servlet.Listener used for ServletRequest and HttpSession notifications
2020-01-14 14:52:13,293 INFO  [org.hibernate.validator.internal.util.Version] HV000001: Hibernate Validator 5.3.1.Final
2020-01-14 14:59:38,906 INFO  [org.jboss.weld.environment.servletWeldServlet] WELD-ENV-001008: Initialize Weld using ServletContainerInitializer
2020-01-14 14:59:38,927 INFO  [org.jboss.weld.Version] WELD-000900: 2.2.9 (Final)
2020-01-14 14:59:38,976 INFO  [org.jboss.weld.Bootstrap] WELD-ENV-000020: Using jandex for bean discovery
2020-01-14 14:59:39,370 INFO  [org.jboss.weld.Bootstrap] WELD-000101: Transactional services not available. Injection of @Inject UserTransaction not available. Transactional observers will be invoked synchronously.
2020-01-14 14:59:39,518 WARN  [org.jboss.weld.Interceptor] WELD-001700: Interceptor annotation class javax.ejb.PostActivate not found, interception based on it is not enabled
2020-01-14 14:59:39,519 WARN  [org.jboss.weld.Interceptor] WELD-001700: Interceptor annotation class javax.ejb.PrePassivate not found, interception based on it is not enabled
2020-01-14 14:59:39,722 INFO  [org.jboss.weld.environment.servletTomcat] WELD-ENV-001100: Tomcat 7+ detected, CDI injection will be available in Servlets, Filters and Listeners.
2020-01-14 14:59:40,359 INFO  [org.jboss.weld.environment.servletWeldServlet] WELD-ENV-001006: org.jboss.weld.environment.servlet.EnhancedListener used for ServletContext notifications
2020-01-14 14:59:40,360 INFO  [org.jboss.weld.environment.servletWeldServlet] WELD-ENV-001009: org.jboss.weld.environment.servlet.Listener used for ServletRequest and HttpSession notifications
2020-01-14 14:59:41,302 INFO  [org.hibernate.validator.internal.util.Version] HV000001: Hibernate Validator 5.3.1.Final
2020-01-14 15:04:33,393 INFO  [org.jboss.weld.environment.servletWeldServlet] WELD-ENV-001008: Initialize Weld using ServletContainerInitializer
2020-01-14 15:04:33,410 INFO  [org.jboss.weld.Version] WELD-000900: 2.2.9 (Final)
2020-01-14 15:04:33,434 INFO  [org.jboss.weld.Bootstrap] WELD-ENV-000020: Using jandex for bean discovery
2020-01-14 15:04:33,655 INFO  [org.jboss.weld.Bootstrap] WELD-000101: Transactional services not available. Injection of @Inject UserTransaction not available. Transactional observers will be invoked synchronously.
2020-01-14 15:04:33,734 WARN  [org.jboss.weld.Interceptor] WELD-001700: Interceptor annotation class javax.ejb.PostActivate not found, interception based on it is not enabled
2020-01-14 15:04:33,735 WARN  [org.jboss.weld.Interceptor] WELD-001700: Interceptor annotation class javax.ejb.PrePassivate not found, interception based on it is not enabled
2020-01-14 15:04:33,902 INFO  [org.jboss.weld.environment.servletTomcat] WELD-ENV-001100: Tomcat 7+ detected, CDI injection will be available in Servlets, Filters and Listeners.
2020-01-14 15:04:34,432 INFO  [org.jboss.weld.environment.servletWeldServlet] WELD-ENV-001006: org.jboss.weld.environment.servlet.EnhancedListener used for ServletContext notifications
2020-01-14 15:04:34,435 INFO  [org.jboss.weld.environment.servletWeldServlet] WELD-ENV-001009: org.jboss.weld.environment.servlet.Listener used for ServletRequest and HttpSession notifications
2020-01-14 15:04:35,087 INFO  [org.hibernate.validator.internal.util.Version] HV000001: Hibernate Validator 5.3.1.Final
